<?xml version="1.0" encoding="UTF-8"?>
<!-- Generated by org.testng.reporters.JUnitReportReporter -->
<testsuite hostname="_tejasgulhane_" failures="0" tests="1" name="Module_7.Que16" time="3.632" errors="0" timestamp="2023-12-16T20:28:51 IST" skipped="0">
  <testcase classname="Module_7.Que16" name="CreateAnAcc" time="3.632"/>
  <system-out/>
</testsuite> <!-- Module_7.Que16 -->
