<?xml version="1.0" encoding="UTF-8"?>
<!-- Generated by org.testng.reporters.JUnitReportReporter -->
<testsuite hostname="_tejasgulhane_" failures="0" tests="1" name="com.Mvn.JunitQuestion" time="10.767" errors="0" timestamp="2023-12-15T02:09:59 IST" skipped="0">
  <testcase classname="com.Mvn.JunitQuestion" name="Final" time="10.767"/>
</testsuite> <!-- com.Mvn.JunitQuestion -->
