<?xml version="1.0" encoding="UTF-8"?>
<!-- Generated by org.testng.reporters.JUnitReportReporter -->
<testsuite hostname="_tejasgulhane_" failures="0" tests="1" name="com.Mvn.TestNgQuestion" time="13.694" errors="0" timestamp="2023-12-15T02:28:28 IST" skipped="0">
  <testcase classname="com.Mvn.TestNgQuestion" name="Final" time="13.694"/>
</testsuite> <!-- com.Mvn.TestNgQuestion -->
